<?xml version="1.0" encoding="UTF-8"?>
<testng-results ignored="0" total="2" passed="2" failed="0" skipped="0">
  <reporter-output>
  </reporter-output>
  <suite started-at="2023-10-19T16:43:27 IST" name="com.sdet.AppTest" finished-at="2023-10-19T16:43:27 IST" duration-ms="104">
    <groups>
    </groups>
    <test started-at="2023-10-19T16:43:27 IST" name="Command line test" finished-at="2023-10-19T16:43:27 IST" duration-ms="104">
      <class name="com.sdet.AppTest">
        <test-method signature="testlogin1()[pri:0, instance:com.sdet.AppTest@44ebcd03]" started-at="2023-10-19T16:43:27 IST" name="testlogin1" finished-at="2023-10-19T16:43:27 IST" duration-ms="24" status="PASS">
          <reporter-output>
          </reporter-output>
        </test-method> <!-- testlogin1 -->
        <test-method signature="testlogin2()[pri:0, instance:com.sdet.AppTest@44ebcd03]" started-at="2023-10-19T16:43:27 IST" name="testlogin2" finished-at="2023-10-19T16:43:27 IST" duration-ms="2" status="PASS">
          <reporter-output>
          </reporter-output>
        </test-method> <!-- testlogin2 -->
      </class> <!-- com.sdet.AppTest -->
    </test> <!-- Command line test -->
  </suite> <!-- com.sdet.AppTest -->
</testng-results>
